# JRE version: OpenJDK Runtime Environment (8.0_76-b03) (build 1.8.0_76-release-b03)
# Java VM: OpenJDK 64-Bit Server VM (25.76-b03 mixed mode windows-amd64 compressed oops)
Heap:
 PSYoungGen      total 115712K, used 74943K [0x00000000e0000000, 0x00000000e7b00000, 0x0000000100000000)
  eden space 107520K, 64% used [0x00000000e0000000,0x00000000e43766a0,0x00000000e6900000)
  from space 8192K, 71% used [0x00000000e7300000,0x00000000e78b97f8,0x00000000e7b00000)
  to   space 9216K, 0% used [0x00000000e6900000,0x00000000e6900000,0x00000000e7200000)
 ParOldGen       total 39936K, used 12270K [0x00000000a0000000, 0x00000000a2700000, 0x00000000e0000000)
  object space 39936K, 30% used [0x00000000a0000000,0x00000000a0bfb8b8,0x00000000a2700000)
 Metaspace       used 32717K, capacity 33552K, committed 33968K, reserved 1079296K
  class space    used 4416K, capacity 4657K, committed 4784K, reserved 1048576K
GC Heap History (10 events):
Event: 2.942 GC heap before
{Heap before GC invocations=5 (full 0):
 PSYoungGen      total 35328K, used 35320K [0x00000000e0000000, 0x00000000e2500000, 0x0000000100000000)
  eden space 32768K, 100% used [0x00000000e0000000,0x00000000e2000000,0x00000000e2000000)
  from space 2560K, 99% used [0x00000000e2280000,0x00000000e24fe050,0x00000000e2500000)
  to   space 2560K, 0% used [0x00000000e2000000,0x00000000e2000000,0x00000000e2280000)
 ParOldGen       total 44032K, used 4710K [0x00000000a0000000, 0x00000000a2b00000, 0x00000000e0000000)
  object space 44032K, 10% used [0x00000000a0000000,0x00000000a04999e0,0x00000000a2b00000)
 Metaspace       used 18814K, capacity 19224K, committed 19328K, reserved 1067008K
  class space    used 2512K, capacity 2666K, committed 2688K, reserved 1048576K
Event: 3.018 GC heap after
Heap after GC invocations=5 (full 0):
 PSYoungGen      total 35328K, used 2536K [0x00000000e0000000, 0x00000000e5100000, 0x0000000100000000)
  eden space 32768K, 0% used [0x00000000e0000000,0x00000000e0000000,0x00000000e2000000)
  from space 2560K, 99% used [0x00000000e2000000,0x00000000e227a040,0x00000000e2280000)
  to   space 8704K, 0% used [0x00000000e4880000,0x00000000e4880000,0x00000000e5100000)
 ParOldGen       total 44032K, used 10811K [0x00000000a0000000, 0x00000000a2b00000, 0x00000000e0000000)
  object space 44032K, 24% used [0x00000000a0000000,0x00000000a0a8ed60,0x00000000a2b00000)
 Metaspace       used 18814K, capacity 19224K, committed 19328K, reserved 1067008K
  class space    used 2512K, capacity 2666K, committed 2688K, reserved 1048576K
}
Event: 3.453 GC heap before
{Heap before GC invocations=6 (full 0):
 PSYoungGen      total 35328K, used 25212K [0x00000000e0000000, 0x00000000e5100000, 0x0000000100000000)
  eden space 32768K, 69% used [0x00000000e0000000,0x00000000e1625258,0x00000000e2000000)
  from space 2560K, 99% used [0x00000000e2000000,0x00000000e227a040,0x00000000e2280000)
  to   space 8704K, 0% used [0x00000000e4880000,0x00000000e4880000,0x00000000e5100000)
 ParOldGen       total 44032K, used 10811K [0x00000000a0000000, 0x00000000a2b00000, 0x00000000e0000000)
  object space 44032K, 24% used [0x00000000a0000000,0x00000000a0a8ed60,0x00000000a2b00000)
 Metaspace       used 20785K, capacity 21196K, committed 21296K, reserved 1067008K
  class space    used 2702K, capacity 2824K, committed 2864K, reserved 1048576K
Event: 3.466 GC heap after
Heap after GC invocations=6 (full 0):
 PSYoungGen      total 74240K, used 5570K [0x00000000e0000000, 0x00000000e5100000, 0x0000000100000000)
  eden space 65536K, 0% used [0x00000000e0000000,0x00000000e0000000,0x00000000e4000000)
  from space 8704K, 64% used [0x00000000e4880000,0x00000000e4df0b80,0x00000000e5100000)
  to   space 8704K, 0% used [0x00000000e4000000,0x00000000e4000000,0x00000000e4880000)
 ParOldGen       total 44032K, used 10819K [0x00000000a0000000, 0x00000000a2b00000, 0x00000000e0000000)
  object space 44032K, 24% used [0x00000000a0000000,0x00000000a0a90d60,0x00000000a2b00000)
 Metaspace       used 20785K, capacity 21196K, committed 21296K, reserved 1067008K
  class space    used 2702K, capacity 2824K, committed 2864K, reserved 1048576K
}
Event: 3.466 GC heap before
{Heap before GC invocations=7 (full 1):
 PSYoungGen      total 74240K, used 5570K [0x00000000e0000000, 0x00000000e5100000, 0x0000000100000000)
  eden space 65536K, 0% used [0x00000000e0000000,0x00000000e0000000,0x00000000e4000000)
  from space 8704K, 64% used [0x00000000e4880000,0x00000000e4df0b80,0x00000000e5100000)
  to   space 8704K, 0% used [0x00000000e4000000,0x00000000e4000000,0x00000000e4880000)
 ParOldGen       total 44032K, used 10819K [0x00000000a0000000, 0x00000000a2b00000, 0x00000000e0000000)
  object space 44032K, 24% used [0x00000000a0000000,0x00000000a0a90d60,0x00000000a2b00000)
 Metaspace       used 20785K, capacity 21196K, committed 21296K, reserved 1067008K
  class space    used 2702K, capacity 2824K, committed 2864K, reserved 1048576K
Event: 3.543 GC heap after
Heap after GC invocations=7 (full 1):
 PSYoungGen      total 74240K, used 0K [0x00000000e0000000, 0x00000000e5100000, 0x0000000100000000)
  eden space 65536K, 0% used [0x00000000e0000000,0x00000000e0000000,0x00000000e4000000)
  from space 8704K, 0% used [0x00000000e4880000,0x00000000e4880000,0x00000000e5100000)
  to   space 8704K, 0% used [0x00000000e4000000,0x00000000e4000000,0x00000000e4880000)
 ParOldGen       total 39936K, used 12254K [0x00000000a0000000, 0x00000000a2700000, 0x00000000e0000000)
  object space 39936K, 30% used [0x00000000a0000000,0x00000000a0bf78b8,0x00000000a2700000)
 Metaspace       used 20785K, capacity 21196K, committed 21296K, reserved 1067008K
  class space    used 2702K, capacity 2824K, committed 2864K, reserved 1048576K
}
Event: 4.771 GC heap before
{Heap before GC invocations=8 (full 1):
 PSYoungGen      total 74240K, used 65536K [0x00000000e0000000, 0x00000000e5100000, 0x0000000100000000)
  eden space 65536K, 100% used [0x00000000e0000000,0x00000000e4000000,0x00000000e4000000)
  from space 8704K, 0% used [0x00000000e4880000,0x00000000e4880000,0x00000000e5100000)
  to   space 8704K, 0% used [0x00000000e4000000,0x00000000e4000000,0x00000000e4880000)
 ParOldGen       total 39936K, used 12254K [0x00000000a0000000, 0x00000000a2700000, 0x00000000e0000000)
  object space 39936K, 30% used [0x00000000a0000000,0x00000000a0bf78b8,0x00000000a2700000)
 Metaspace       used 25929K, capacity 26438K, committed 26544K, reserved 1073152K
  class space    used 3561K, capacity 3711K, committed 3760K, reserved 1048576K
Event: 4.786 GC heap after
Heap after GC invocations=8 (full 1):
 PSYoungGen      total 74240K, used 7665K [0x00000000e0000000, 0x00000000e7c80000, 0x0000000100000000)
  eden space 65536K, 0% used [0x00000000e0000000,0x00000000e0000000,0x00000000e4000000)
  from space 8704K, 88% used [0x00000000e4000000,0x00000000e477c400,0x00000000e4880000)
  to   space 9728K, 0% used [0x00000000e7300000,0x00000000e7300000,0x00000000e7c80000)
 ParOldGen       total 39936K, used 12262K [0x00000000a0000000, 0x00000000a2700000, 0x00000000e0000000)
  object space 39936K, 30% used [0x00000000a0000000,0x00000000a0bf98b8,0x00000000a2700000)
 Metaspace       used 25929K, capacity 26438K, committed 26544K, reserved 1073152K
  class space    used 3561K, capacity 3711K, committed 3760K, reserved 1048576K
}
Event: 5.613 GC heap before
{Heap before GC invocations=9 (full 1):
 PSYoungGen      total 74240K, used 73201K [0x00000000e0000000, 0x00000000e7c80000, 0x0000000100000000)
  eden space 65536K, 100% used [0x00000000e0000000,0x00000000e4000000,0x00000000e4000000)
  from space 8704K, 88% used [0x00000000e4000000,0x00000000e477c400,0x00000000e4880000)
  to   space 9728K, 0% used [0x00000000e7300000,0x00000000e7300000,0x00000000e7c80000)
 ParOldGen       total 39936K, used 12262K [0x00000000a0000000, 0x00000000a2700000, 0x00000000e0000000)
  object space 39936K, 30% used [0x00000000a0000000,0x00000000a0bf98b8,0x00000000a2700000)
 Metaspace       used 28280K, capacity 28894K, committed 29232K, reserved 1075200K
  class space    used 3862K, capacity 4035K, committed 4144K, reserved 1048576K
Event: 5.642 GC heap after
Heap after GC invocations=9 (full 1):
 PSYoungGen      total 115712K, used 5861K [0x00000000e0000000, 0x00000000e7b00000, 0x0000000100000000)
  eden space 107520K, 0% used [0x00000000e0000000,0x00000000e0000000,0x00000000e6900000)
  from space 8192K, 71% used [0x00000000e7300000,0x00000000e78b97f8,0x00000000e7b00000)
  to   space 9216K, 0% used [0x00000000e6900000,0x00000000e6900000,0x00000000e7200000)
 ParOldGen       total 39936K, used 12270K [0x00000000a0000000, 0x00000000a2700000, 0x00000000e0000000)
  object space 39936K, 30% used [0x00000000a0000000,0x00000000a0bfb8b8,0x00000000a2700000)
 Metaspace       used 28280K, capacity 28894K, committed 29232K, reserved 1075200K
  class space    used 3862K, capacity 4035K, committed 4144K, reserved 1048576K
}

